<?xml version="1.0" encoding="UTF-8"?>
<testsuite name="Tests Affichage Markdown" tests="2" skipped="0" failures="0" errors="0" timestamp="2025-12-14T23:53:19" hostname="ada.local.isima.fr" time="0.006">
  <properties/>
  <testcase name="Markdown avec inventaire" classname="re.forestier.edu.UnitTests$AffichageMarkdownTests" time="0.005"/>
  <testcase name="Affichage Markdown basique" classname="re.forestier.edu.UnitTests$AffichageMarkdownTests" time="0.0"/>
  <system-out><![CDATA[]]></system-out>
  <system-err><![CDATA[]]></system-err>
</testsuite>
