<?xml version="1.0" encoding="UTF-8"?>
<testsuite name="re.forestier.edu.UnitTests" tests="6" skipped="0" failures="0" errors="0" timestamp="2025-11-17T13:30:28" hostname="ada.local.isima.fr" time="0.017">
  <properties/>
  <testcase name="Test MajFinDeTour: Joueur KO" classname="re.forestier.edu.UnitTests" time="0.001"/>
  <testcase name="player" classname="re.forestier.edu.UnitTests" time="0.008"/>
  <testcase name="lambda" classname="re.forestier.edu.UnitTests" time="0.001"/>
  <testcase name="testMajFinTour()" classname="re.forestier.edu.UnitTests" time="0.0"/>
  <testcase name="Impossible to have negative money" classname="re.forestier.edu.UnitTests" time="0.0"/>
  <testcase name="Sample test" classname="re.forestier.edu.UnitTests" time="0.004"/>
  <system-out><![CDATA[Le joueur est KO !
]]></system-out>
  <system-err><![CDATA[]]></system-err>
</testsuite>
