<?xml version="1.0" encoding="UTF-8"?>
<testsuite name="Tests majFinDeTour" tests="10" skipped="0" failures="0" errors="0" timestamp="2025-12-08T10:28:29" hostname="ada.local.isima.fr" time="0.017">
  <properties/>
  <testcase name="Joueur KO reste KO" classname="re.forestier.edu.UnitTests$MajFinDeTourTests" time="0.008"/>
  <testcase name="ARCHER avec Magic Bow sous 50%" classname="re.forestier.edu.UnitTests$MajFinDeTourTests" time="0.0"/>
  <testcase name="Pas de regen au-dessus 50%" classname="re.forestier.edu.UnitTests$MajFinDeTourTests" time="0.0"/>
  <testcase name="HP égal au max reste inchangé" classname="re.forestier.edu.UnitTests$MajFinDeTourTests" time="0.001"/>
  <testcase name="DWARF avec Holy Elixir sous 50%" classname="re.forestier.edu.UnitTests$MajFinDeTourTests" time="0.001"/>
  <testcase name="ADVENTURER niveau 1 sous 50%" classname="re.forestier.edu.UnitTests$MajFinDeTourTests" time="0.001"/>
  <testcase name="ADVENTURER niveau 3+ sous 50%" classname="re.forestier.edu.UnitTests$MajFinDeTourTests" time="0.001"/>
  <testcase name="DWARF sans Holy Elixir sous 50%" classname="re.forestier.edu.UnitTests$MajFinDeTourTests" time="0.001"/>
  <testcase name="HP capé au maximum" classname="re.forestier.edu.UnitTests$MajFinDeTourTests" time="0.0"/>
  <testcase name="ARCHER sans Magic Bow sous 50%" classname="re.forestier.edu.UnitTests$MajFinDeTourTests" time="0.0"/>
  <system-out><![CDATA[Le joueur est KO !
]]></system-out>
  <system-err><![CDATA[]]></system-err>
</testsuite>
