<?xml version="1.0" encoding="UTF-8"?>
<testsuite name="Tests majFinDeTour" tests="13" skipped="0" failures="0" errors="0" timestamp="2025-12-11T17:11:28" hostname="ada.local.isima.fr" time="0.02">
  <properties/>
  <testcase name="HP exactement � 50%" classname="re.forestier.edu.UnitTests$MajFinDeTourTests" time="0.005"/>
  <testcase name="Joueur KO reste KO" classname="re.forestier.edu.UnitTests$MajFinDeTourTests" time="0.004"/>
  <testcase name="ARCHER avec Magic Bow sous 50%" classname="re.forestier.edu.UnitTests$MajFinDeTourTests" time="0.001"/>
  <testcase name="HP juste en dessous de 50%" classname="re.forestier.edu.UnitTests$MajFinDeTourTests" time="0.001"/>
  <testcase name="Pas de regen au-dessus 50%" classname="re.forestier.edu.UnitTests$MajFinDeTourTests" time="0.001"/>
  <testcase name="ADVENTURER niveau exactement 2" classname="re.forestier.edu.UnitTests$MajFinDeTourTests" time="0.0"/>
  <testcase name="ADVENTURER niveau exactement 3" classname="re.forestier.edu.UnitTests$MajFinDeTourTests" time="0.0"/>
  <testcase name="DWARF avec Holy Elixir sous 50%" classname="re.forestier.edu.UnitTests$MajFinDeTourTests" time="0.001"/>
  <testcase name="ADVENTURER niveau 1 sous 50%" classname="re.forestier.edu.UnitTests$MajFinDeTourTests" time="0.0"/>
  <testcase name="ADVENTURER niveau 3+ sous 50%" classname="re.forestier.edu.UnitTests$MajFinDeTourTests" time="0.0"/>
  <testcase name="DWARF sans Holy Elixir sous 50%" classname="re.forestier.edu.UnitTests$MajFinDeTourTests" time="0.0"/>
  <testcase name="HP cap� au maximum" classname="re.forestier.edu.UnitTests$MajFinDeTourTests" time="0.001"/>
  <testcase name="ARCHER sans Magic Bow sous 50%" classname="re.forestier.edu.UnitTests$MajFinDeTourTests" time="0.0"/>
  <system-out><![CDATA[Le joueur est KO !
]]></system-out>
  <system-err><![CDATA[]]></system-err>
</testsuite>
